

Started GET "/" for 127.0.0.1 at 2013-10-06 15:56:06 -0500
Processing by Rails::WelcomeController#index as HTML
  Rendered /Users/abondzic/.rvm/gems/ruby-2.0.0-p0/gems/railties-4.0.0/lib/rails/templates/rails/welcome/index.html.erb (1.9ms)
Completed 200 OK in 27ms (Views: 10.0ms | ActiveRecord: 0.0ms)


Started GET "/" for 127.0.0.1 at 2013-10-06 23:13:24 -0500
Processing by Rails::WelcomeController#index as HTML
  Rendered /Users/dragonqueen2all/.rvm/gems/ruby-2.0.0-p195/gems/railties-4.0.0/lib/rails/templates/rails/welcome/index.html.erb (1.2ms)
Completed 200 OK in 20ms (Views: 5.3ms | ActiveRecord: 0.0ms)
  [1m[36m (6.0ms)[0m  [1mCREATE TABLE "schema_migrations" ("version" varchar(255) NOT NULL) [0m
  [1m[35m (1.9ms)[0m  CREATE UNIQUE INDEX "unique_schema_migrations" ON "schema_migrations" ("version")
  [1m[36mActiveRecord::SchemaMigration Load (0.1ms)[0m  [1mSELECT "schema_migrations".* FROM "schema_migrations"[0m
Migrating to CreateCms (20131007042442)
  [1m[35m (0.1ms)[0m  begin transaction
  [1m[36m (0.4ms)[0m  [1mCREATE TABLE "cms_sites" ("id" INTEGER PRIMARY KEY AUTOINCREMENT NOT NULL, "label" varchar(255) NOT NULL, "identifier" varchar(255) NOT NULL, "hostname" varchar(255) NOT NULL, "path" varchar(255), "locale" varchar(255) DEFAULT 'en' NOT NULL, "is_mirrored" boolean DEFAULT 'f' NOT NULL) [0m
  [1m[35m (0.1ms)[0m  CREATE INDEX "index_cms_sites_on_hostname" ON "cms_sites" ("hostname")
  [1m[36m (0.1ms)[0m  [1mCREATE INDEX "index_cms_sites_on_is_mirrored" ON "cms_sites" ("is_mirrored")[0m
  [1m[35m (0.2ms)[0m  CREATE TABLE "cms_layouts" ("id" INTEGER PRIMARY KEY AUTOINCREMENT NOT NULL, "site_id" integer NOT NULL, "parent_id" integer, "app_layout" varchar(255), "label" varchar(255) NOT NULL, "identifier" varchar(255) NOT NULL, "content" text(16777215), "css" text(16777215), "js" text(16777215), "position" integer DEFAULT 0 NOT NULL, "is_shared" boolean DEFAULT 'f' NOT NULL, "created_at" datetime, "updated_at" datetime) 
  [1m[36m (0.2ms)[0m  [1mCREATE INDEX "index_cms_layouts_on_parent_id_and_position" ON "cms_layouts" ("parent_id", "position")[0m
  [1m[35m (0.3ms)[0m  CREATE UNIQUE INDEX "index_cms_layouts_on_site_id_and_identifier" ON "cms_layouts" ("site_id", "identifier")
  [1m[36m (0.2ms)[0m  [1mCREATE TABLE "cms_pages" ("id" INTEGER PRIMARY KEY AUTOINCREMENT NOT NULL, "site_id" integer NOT NULL, "layout_id" integer, "parent_id" integer, "target_page_id" integer, "label" varchar(255) NOT NULL, "slug" varchar(255), "full_path" varchar(255) NOT NULL, "content" text(16777215), "position" integer DEFAULT 0 NOT NULL, "children_count" integer DEFAULT 0 NOT NULL, "is_published" boolean DEFAULT 't' NOT NULL, "is_shared" boolean DEFAULT 'f' NOT NULL, "created_at" datetime, "updated_at" datetime) [0m
  [1m[35m (0.1ms)[0m  CREATE INDEX "index_cms_pages_on_site_id_and_full_path" ON "cms_pages" ("site_id", "full_path")
  [1m[36m (0.1ms)[0m  [1mCREATE INDEX "index_cms_pages_on_parent_id_and_position" ON "cms_pages" ("parent_id", "position")[0m
  [1m[35m (0.1ms)[0m  CREATE TABLE "cms_blocks" ("id" INTEGER PRIMARY KEY AUTOINCREMENT NOT NULL, "page_id" integer NOT NULL, "identifier" varchar(255) NOT NULL, "content" text(16777215), "created_at" datetime, "updated_at" datetime) 
  [1m[36m (0.1ms)[0m  [1mCREATE INDEX "index_cms_blocks_on_page_id_and_identifier" ON "cms_blocks" ("page_id", "identifier")[0m
  [1m[35m (0.1ms)[0m  CREATE TABLE "cms_snippets" ("id" INTEGER PRIMARY KEY AUTOINCREMENT NOT NULL, "site_id" integer NOT NULL, "label" varchar(255) NOT NULL, "identifier" varchar(255) NOT NULL, "content" text(16777215), "position" integer DEFAULT 0 NOT NULL, "is_shared" boolean DEFAULT 'f' NOT NULL, "created_at" datetime, "updated_at" datetime) 
  [1m[36m (0.1ms)[0m  [1mCREATE UNIQUE INDEX "index_cms_snippets_on_site_id_and_identifier" ON "cms_snippets" ("site_id", "identifier")[0m
  [1m[35m (0.1ms)[0m  CREATE INDEX "index_cms_snippets_on_site_id_and_position" ON "cms_snippets" ("site_id", "position")
  [1m[36m (0.1ms)[0m  [1mCREATE TABLE "cms_files" ("id" INTEGER PRIMARY KEY AUTOINCREMENT NOT NULL, "site_id" integer NOT NULL, "block_id" integer, "label" varchar(255) NOT NULL, "file_file_name" varchar(255) NOT NULL, "file_content_type" varchar(255) NOT NULL, "file_file_size" integer NOT NULL, "description" varchar(2048), "position" integer DEFAULT 0 NOT NULL, "created_at" datetime, "updated_at" datetime) [0m
  [1m[35m (0.1ms)[0m  CREATE INDEX "index_cms_files_on_site_id_and_label" ON "cms_files" ("site_id", "label")
  [1m[36m (0.1ms)[0m  [1mCREATE INDEX "index_cms_files_on_site_id_and_file_file_name" ON "cms_files" ("site_id", "file_file_name")[0m
  [1m[35m (0.1ms)[0m  CREATE INDEX "index_cms_files_on_site_id_and_position" ON "cms_files" ("site_id", "position")
  [1m[36m (0.1ms)[0m  [1mCREATE INDEX "index_cms_files_on_site_id_and_block_id" ON "cms_files" ("site_id", "block_id")[0m
  [1m[35m (0.1ms)[0m  CREATE TABLE "cms_revisions" ("id" INTEGER PRIMARY KEY AUTOINCREMENT NOT NULL, "record_type" varchar(255) NOT NULL, "record_id" integer NOT NULL, "data" text(16777215), "created_at" datetime) 
  [1m[36m (0.1ms)[0m  [1mCREATE INDEX "index_cms_revisions_on_rtype_and_rid_and_created_at" ON "cms_revisions" ("record_type", "record_id", "created_at")[0m
  [1m[35m (0.1ms)[0m  CREATE TABLE "cms_categories" ("id" INTEGER PRIMARY KEY AUTOINCREMENT NOT NULL, "site_id" integer NOT NULL, "label" varchar(255) NOT NULL, "categorized_type" varchar(255) NOT NULL) 
  [1m[36m (0.1ms)[0m  [1mCREATE UNIQUE INDEX "index_cms_categories_on_site_id_and_categorized_type_and_label" ON "cms_categories" ("site_id", "categorized_type", "label")[0m
  [1m[35m (0.1ms)[0m  CREATE TABLE "cms_categorizations" ("id" INTEGER PRIMARY KEY AUTOINCREMENT NOT NULL, "category_id" integer NOT NULL, "categorized_type" varchar(255) NOT NULL, "categorized_id" integer NOT NULL) 
  [1m[36m (0.1ms)[0m  [1mCREATE UNIQUE INDEX "index_cms_categorizations_on_cat_id_and_catd_type_and_catd_id" ON "cms_categorizations" ("category_id", "categorized_type", "categorized_id")[0m
  [1m[35mSQL (0.1ms)[0m  INSERT INTO "schema_migrations" ("version") VALUES (?)  [["version", "20131007042442"]]
  [1m[36m (2.6ms)[0m  [1mcommit transaction[0m
  [1m[35mActiveRecord::SchemaMigration Load (0.1ms)[0m  SELECT "schema_migrations".* FROM "schema_migrations"


Started GET "/" for 127.0.0.1 at 2013-10-06 23:26:43 -0500
  [1m[36mActiveRecord::SchemaMigration Load (0.1ms)[0m  [1mSELECT "schema_migrations".* FROM "schema_migrations"[0m
Processing by CmsContentController#render_html as HTML
  [1m[35m (0.1ms)[0m  SELECT COUNT(*) FROM "cms_sites"
  [1m[36mCms::Site Load (0.1ms)[0m  [1mSELECT "cms_sites".* FROM "cms_sites" WHERE "cms_sites"."hostname" = 'localhost:3000'[0m
Completed 404 Not Found in 29ms

ActionController::RoutingError (Site Not Found):
  comfortable_mexican_sofa (1.9.3) app/controllers/cms_content_controller.rb:57:in `load_cms_site'
  activesupport (4.0.0) lib/active_support/callbacks.rb:407:in `_run__3188565932228861286__process_action__callbacks'
  activesupport (4.0.0) lib/active_support/callbacks.rb:80:in `run_callbacks'
  actionpack (4.0.0) lib/abstract_controller/callbacks.rb:17:in `process_action'
  actionpack (4.0.0) lib/action_controller/metal/rescue.rb:29:in `process_action'
  actionpack (4.0.0) lib/action_controller/metal/instrumentation.rb:31:in `block in process_action'
  activesupport (4.0.0) lib/active_support/notifications.rb:159:in `block in instrument'
  activesupport (4.0.0) lib/active_support/notifications/instrumenter.rb:20:in `instrument'
  activesupport (4.0.0) lib/active_support/notifications.rb:159:in `instrument'
  actionpack (4.0.0) lib/action_controller/metal/instrumentation.rb:30:in `process_action'
  actionpack (4.0.0) lib/action_controller/metal/params_wrapper.rb:245:in `process_action'
  activerecord (4.0.0) lib/active_record/railties/controller_runtime.rb:18:in `process_action'
  actionpack (4.0.0) lib/abstract_controller/base.rb:136:in `process'
  actionpack (4.0.0) lib/abstract_controller/rendering.rb:44:in `process'
  actionpack (4.0.0) lib/action_controller/metal.rb:195:in `dispatch'
  actionpack (4.0.0) lib/action_controller/metal/rack_delegation.rb:13:in `dispatch'
  actionpack (4.0.0) lib/action_controller/metal.rb:231:in `block in action'
  actionpack (4.0.0) lib/action_dispatch/routing/route_set.rb:80:in `call'
  actionpack (4.0.0) lib/action_dispatch/routing/route_set.rb:80:in `dispatch'
  actionpack (4.0.0) lib/action_dispatch/routing/route_set.rb:48:in `call'
  actionpack (4.0.0) lib/action_dispatch/journey/router.rb:71:in `block in call'
  actionpack (4.0.0) lib/action_dispatch/journey/router.rb:59:in `each'
  actionpack (4.0.0) lib/action_dispatch/journey/router.rb:59:in `call'
  actionpack (4.0.0) lib/action_dispatch/routing/route_set.rb:655:in `call'
  rack (1.5.2) lib/rack/etag.rb:23:in `call'
  rack (1.5.2) lib/rack/conditionalget.rb:25:in `call'
  rack (1.5.2) lib/rack/head.rb:11:in `call'
  actionpack (4.0.0) lib/action_dispatch/middleware/params_parser.rb:27:in `call'
  actionpack (4.0.0) lib/action_dispatch/middleware/flash.rb:241:in `call'
  rack (1.5.2) lib/rack/session/abstract/id.rb:225:in `context'
  rack (1.5.2) lib/rack/session/abstract/id.rb:220:in `call'
  actionpack (4.0.0) lib/action_dispatch/middleware/cookies.rb:486:in `call'
  activerecord (4.0.0) lib/active_record/query_cache.rb:36:in `call'
  activerecord (4.0.0) lib/active_record/connection_adapters/abstract/connection_pool.rb:626:in `call'
  activerecord (4.0.0) lib/active_record/migration.rb:369:in `call'
  actionpack (4.0.0) lib/action_dispatch/middleware/callbacks.rb:29:in `block in call'
  activesupport (4.0.0) lib/active_support/callbacks.rb:373:in `_run__1428005257577979640__call__callbacks'
  activesupport (4.0.0) lib/active_support/callbacks.rb:80:in `run_callbacks'
  actionpack (4.0.0) lib/action_dispatch/middleware/callbacks.rb:27:in `call'
  actionpack (4.0.0) lib/action_dispatch/middleware/reloader.rb:64:in `call'
  actionpack (4.0.0) lib/action_dispatch/middleware/remote_ip.rb:76:in `call'
  actionpack (4.0.0) lib/action_dispatch/middleware/debug_exceptions.rb:17:in `call'
  actionpack (4.0.0) lib/action_dispatch/middleware/show_exceptions.rb:30:in `call'
  railties (4.0.0) lib/rails/rack/logger.rb:38:in `call_app'
  railties (4.0.0) lib/rails/rack/logger.rb:21:in `block in call'
  activesupport (4.0.0) lib/active_support/tagged_logging.rb:67:in `block in tagged'
  activesupport (4.0.0) lib/active_support/tagged_logging.rb:25:in `tagged'
  activesupport (4.0.0) lib/active_support/tagged_logging.rb:67:in `tagged'
  railties (4.0.0) lib/rails/rack/logger.rb:21:in `call'
  actionpack (4.0.0) lib/action_dispatch/middleware/request_id.rb:21:in `call'
  rack (1.5.2) lib/rack/methodoverride.rb:21:in `call'
  rack (1.5.2) lib/rack/runtime.rb:17:in `call'
  activesupport (4.0.0) lib/active_support/cache/strategy/local_cache.rb:83:in `call'
  rack (1.5.2) lib/rack/lock.rb:17:in `call'
  actionpack (4.0.0) lib/action_dispatch/middleware/static.rb:64:in `call'
  railties (4.0.0) lib/rails/engine.rb:511:in `call'
  railties (4.0.0) lib/rails/application.rb:97:in `call'
  rack (1.5.2) lib/rack/lock.rb:17:in `call'
  rack (1.5.2) lib/rack/content_length.rb:14:in `call'
  rack (1.5.2) lib/rack/handler/webrick.rb:60:in `service'
  /Users/dragonqueen2all/.rvm/rubies/ruby-2.0.0-p195/lib/ruby/2.0.0/webrick/httpserver.rb:138:in `service'
  /Users/dragonqueen2all/.rvm/rubies/ruby-2.0.0-p195/lib/ruby/2.0.0/webrick/httpserver.rb:94:in `run'
  /Users/dragonqueen2all/.rvm/rubies/ruby-2.0.0-p195/lib/ruby/2.0.0/webrick/server.rb:295:in `block in start_thread'


  Rendered /Users/dragonqueen2all/.rvm/gems/ruby-2.0.0-p195/gems/actionpack-4.0.0/lib/action_dispatch/middleware/templates/rescues/_trace.erb (1.0ms)
  Rendered /Users/dragonqueen2all/.rvm/gems/ruby-2.0.0-p195/gems/actionpack-4.0.0/lib/action_dispatch/middleware/templates/routes/_route.html.erb (30.7ms)
  Rendered /Users/dragonqueen2all/.rvm/gems/ruby-2.0.0-p195/gems/actionpack-4.0.0/lib/action_dispatch/middleware/templates/routes/_table.html.erb (2.3ms)
  Rendered /Users/dragonqueen2all/.rvm/gems/ruby-2.0.0-p195/gems/actionpack-4.0.0/lib/action_dispatch/middleware/templates/rescues/routing_error.erb within rescues/layout (119.6ms)


Started GET "/cms-admin" for 127.0.0.1 at 2013-10-06 23:26:59 -0500
Processing by CmsAdmin::BaseController#jump as HTML
  [1m[35mCms::Site Load (0.2ms)[0m  SELECT "cms_sites".* FROM "cms_sites" WHERE "cms_sites"."id" IS NULL LIMIT 1
  [1m[36mCms::Site Load (0.1ms)[0m  [1mSELECT "cms_sites".* FROM "cms_sites" ORDER BY "cms_sites"."id" ASC LIMIT 1[0m
Redirected to http://localhost:3000/cms-admin/sites/new
Completed 302 Found in 65ms (ActiveRecord: 0.3ms)


Started GET "/cms-admin/sites/new" for 127.0.0.1 at 2013-10-06 23:26:59 -0500
Processing by CmsAdmin::SitesController#new as HTML
Filter chain halted as :authenticate rendered or redirected
Completed 401 Unauthorized in 1ms (ActiveRecord: 0.0ms)


Started GET "/cms-admin/sites/new" for 127.0.0.1 at 2013-10-06 23:27:06 -0500
Processing by CmsAdmin::SitesController#new as HTML
  Rendered /Users/dragonqueen2all/.rvm/gems/ruby-2.0.0-p195/gems/comfortable_mexican_sofa-1.9.3/app/views/cms_admin/partials/_site_form_before.html.haml (0.7ms)
  Rendered /Users/dragonqueen2all/.rvm/gems/ruby-2.0.0-p195/gems/formatted_form-2.1.1/app/views/formatted_form/templates/_label.html.erb (2.0ms)
  Rendered /Users/dragonqueen2all/.rvm/gems/ruby-2.0.0-p195/gems/formatted_form-2.1.1/app/views/formatted_form/templates/_field_block.html.erb (4.5ms)
  Rendered /Users/dragonqueen2all/.rvm/gems/ruby-2.0.0-p195/gems/formatted_form-2.1.1/app/views/formatted_form/templates/_field.html.erb (6.3ms)
  Rendered /Users/dragonqueen2all/.rvm/gems/ruby-2.0.0-p195/gems/formatted_form-2.1.1/app/views/formatted_form/_text_field.html.erb (7.9ms)
  Rendered /Users/dragonqueen2all/.rvm/gems/ruby-2.0.0-p195/gems/formatted_form-2.1.1/app/views/formatted_form/templates/_label.html.erb (0.5ms)
  Rendered /Users/dragonqueen2all/.rvm/gems/ruby-2.0.0-p195/gems/formatted_form-2.1.1/app/views/formatted_form/templates/_field_block.html.erb (2.0ms)
  Rendered /Users/dragonqueen2all/.rvm/gems/ruby-2.0.0-p195/gems/formatted_form-2.1.1/app/views/formatted_form/templates/_field.html.erb (3.2ms)
  Rendered /Users/dragonqueen2all/.rvm/gems/ruby-2.0.0-p195/gems/formatted_form-2.1.1/app/views/formatted_form/_text_field.html.erb (4.4ms)
  Rendered /Users/dragonqueen2all/.rvm/gems/ruby-2.0.0-p195/gems/formatted_form-2.1.1/app/views/formatted_form/templates/_label.html.erb (0.3ms)
  Rendered /Users/dragonqueen2all/.rvm/gems/ruby-2.0.0-p195/gems/formatted_form-2.1.1/app/views/formatted_form/templates/_field_block.html.erb (1.6ms)
  Rendered /Users/dragonqueen2all/.rvm/gems/ruby-2.0.0-p195/gems/formatted_form-2.1.1/app/views/formatted_form/templates/_field.html.erb (2.7ms)
  Rendered /Users/dragonqueen2all/.rvm/gems/ruby-2.0.0-p195/gems/formatted_form-2.1.1/app/views/formatted_form/_text_field.html.erb (3.8ms)
  Rendered /Users/dragonqueen2all/.rvm/gems/ruby-2.0.0-p195/gems/formatted_form-2.1.1/app/views/formatted_form/templates/_label.html.erb (0.5ms)
  Rendered /Users/dragonqueen2all/.rvm/gems/ruby-2.0.0-p195/gems/formatted_form-2.1.1/app/views/formatted_form/templates/_field_block.html.erb (1.9ms)
  Rendered /Users/dragonqueen2all/.rvm/gems/ruby-2.0.0-p195/gems/formatted_form-2.1.1/app/views/formatted_form/templates/_field.html.erb (3.1ms)
  Rendered /Users/dragonqueen2all/.rvm/gems/ruby-2.0.0-p195/gems/formatted_form-2.1.1/app/views/formatted_form/_text_field.html.erb (4.3ms)
  Rendered /Users/dragonqueen2all/.rvm/gems/ruby-2.0.0-p195/gems/formatted_form-2.1.1/app/views/formatted_form/templates/_label.html.erb (0.6ms)
  Rendered /Users/dragonqueen2all/.rvm/gems/ruby-2.0.0-p195/gems/formatted_form-2.1.1/app/views/formatted_form/templates/_field_block.html.erb (2.0ms)
  Rendered /Users/dragonqueen2all/.rvm/gems/ruby-2.0.0-p195/gems/formatted_form-2.1.1/app/views/formatted_form/templates/_field.html.erb (3.1ms)
  Rendered /Users/dragonqueen2all/.rvm/gems/ruby-2.0.0-p195/gems/formatted_form-2.1.1/app/views/formatted_form/_select.html.erb (4.6ms)
  Rendered /Users/dragonqueen2all/.rvm/gems/ruby-2.0.0-p195/gems/formatted_form-2.1.1/app/views/formatted_form/templates/_choices_block.html.erb (1.2ms)
  Rendered /Users/dragonqueen2all/.rvm/gems/ruby-2.0.0-p195/gems/formatted_form-2.1.1/app/views/formatted_form/templates/_choices.html.erb (3.1ms)
  Rendered /Users/dragonqueen2all/.rvm/gems/ruby-2.0.0-p195/gems/formatted_form-2.1.1/app/views/formatted_form/_check_box.html.erb (4.7ms)
  Rendered /Users/dragonqueen2all/.rvm/gems/ruby-2.0.0-p195/gems/comfortable_mexican_sofa-1.9.3/app/views/cms_admin/partials/_site_form_after.html.haml (0.9ms)
  Rendered /Users/dragonqueen2all/.rvm/gems/ruby-2.0.0-p195/gems/formatted_form-2.1.1/app/views/formatted_form/_submit.html.erb (0.3ms)
  Rendered /Users/dragonqueen2all/.rvm/gems/ruby-2.0.0-p195/gems/comfortable_mexican_sofa-1.9.3/app/views/cms_admin/sites/_form.html.haml (79.7ms)
  Rendered /Users/dragonqueen2all/.rvm/gems/ruby-2.0.0-p195/gems/comfortable_mexican_sofa-1.9.3/app/views/cms_admin/sites/new.html.haml within layouts/cms_admin (84.1ms)
  Rendered /Users/dragonqueen2all/.rvm/gems/ruby-2.0.0-p195/gems/comfortable_mexican_sofa-1.9.3/app/views/cms_admin/partials/_html_head.html.haml (1.1ms)
  Rendered /Users/dragonqueen2all/.rvm/gems/ruby-2.0.0-p195/gems/comfortable_mexican_sofa-1.9.3/app/views/layouts/cms_admin/_head.html.haml (1487.8ms)
  Rendered /Users/dragonqueen2all/.rvm/gems/ruby-2.0.0-p195/gems/comfortable_mexican_sofa-1.9.3/app/views/cms_admin/partials/_body_before.html.haml (0.7ms)
  Rendered /Users/dragonqueen2all/.rvm/gems/ruby-2.0.0-p195/gems/comfortable_mexican_sofa-1.9.3/app/views/cms_admin/partials/_navigation_before.html.haml (1.0ms)
  Rendered /Users/dragonqueen2all/.rvm/gems/ruby-2.0.0-p195/gems/comfortable_mexican_sofa-1.9.3/app/views/cms_admin/partials/_navigation_inner.html.haml (0.7ms)
  Rendered /Users/dragonqueen2all/.rvm/gems/ruby-2.0.0-p195/gems/comfortable_mexican_sofa-1.9.3/app/views/cms_admin/partials/_navigation_after.html.haml (0.7ms)
  Rendered /Users/dragonqueen2all/.rvm/gems/ruby-2.0.0-p195/gems/comfortable_mexican_sofa-1.9.3/app/views/layouts/cms_admin/_left.html.haml (8.2ms)
  Rendered /Users/dragonqueen2all/.rvm/gems/ruby-2.0.0-p195/gems/comfortable_mexican_sofa-1.9.3/app/views/cms_admin/partials/_right_column_before.html.haml (0.7ms)
  Rendered /Users/dragonqueen2all/.rvm/gems/ruby-2.0.0-p195/gems/comfortable_mexican_sofa-1.9.3/app/views/cms_admin/partials/_right_column_after.html.haml (0.7ms)
  Rendered /Users/dragonqueen2all/.rvm/gems/ruby-2.0.0-p195/gems/comfortable_mexican_sofa-1.9.3/app/views/layouts/cms_admin/_right.html.haml (4.1ms)
  Rendered /Users/dragonqueen2all/.rvm/gems/ruby-2.0.0-p195/gems/comfortable_mexican_sofa-1.9.3/app/views/layouts/cms_admin/_center.html.haml (1.5ms)
  Rendered /Users/dragonqueen2all/.rvm/gems/ruby-2.0.0-p195/gems/comfortable_mexican_sofa-1.9.3/app/views/layouts/cms_admin/_footer.html.haml (0.9ms)
  Rendered /Users/dragonqueen2all/.rvm/gems/ruby-2.0.0-p195/gems/comfortable_mexican_sofa-1.9.3/app/views/cms_admin/partials/_html_footer.html.haml (0.6ms)
  Rendered /Users/dragonqueen2all/.rvm/gems/ruby-2.0.0-p195/gems/comfortable_mexican_sofa-1.9.3/app/views/layouts/cms_admin/_footer_js.html.haml (3.0ms)
  Rendered /Users/dragonqueen2all/.rvm/gems/ruby-2.0.0-p195/gems/comfortable_mexican_sofa-1.9.3/app/views/layouts/cms_admin/_body.html.haml (26.5ms)
Completed 200 OK in 1619ms (Views: 1605.2ms | ActiveRecord: 0.0ms)


Started GET "/assets/jquery.ui.core.css?body=1" for 127.0.0.1 at 2013-10-06 23:27:07 -0500


Started GET "/assets/jquery.ui.theme.css?body=1" for 127.0.0.1 at 2013-10-06 23:27:07 -0500


Started GET "/assets/jquery.ui.menu.css?body=1" for 127.0.0.1 at 2013-10-06 23:27:07 -0500


Started GET "/assets/jquery.ui.accordion.css?body=1" for 127.0.0.1 at 2013-10-06 23:27:07 -0500


Started GET "/assets/jquery.ui.autocomplete.css?body=1" for 127.0.0.1 at 2013-10-06 23:27:07 -0500


Started GET "/assets/jquery.ui.datepicker.css?body=1" for 127.0.0.1 at 2013-10-06 23:27:07 -0500


Started GET "/assets/jquery.ui.button.css?body=1" for 127.0.0.1 at 2013-10-06 23:27:07 -0500


Started GET "/assets/jquery.ui.resizable.css?body=1" for 127.0.0.1 at 2013-10-06 23:27:07 -0500


Started GET "/assets/jquery.ui.dialog.css?body=1" for 127.0.0.1 at 2013-10-06 23:27:07 -0500


Started GET "/assets/jquery.ui.progressbar.css?body=1" for 127.0.0.1 at 2013-10-06 23:27:07 -0500


Started GET "/assets/jquery.ui.selectable.css?body=1" for 127.0.0.1 at 2013-10-06 23:27:07 -0500


Started GET "/assets/jquery.ui.slider.css?body=1" for 127.0.0.1 at 2013-10-06 23:27:07 -0500


Started GET "/assets/jquery.ui.spinner.css?body=1" for 127.0.0.1 at 2013-10-06 23:27:07 -0500


Started GET "/assets/jquery.ui.tabs.css?body=1" for 127.0.0.1 at 2013-10-06 23:27:07 -0500


Started GET "/assets/jquery.ui.tooltip.css?body=1" for 127.0.0.1 at 2013-10-06 23:27:07 -0500


Started GET "/assets/jquery.ui.base.css?body=1" for 127.0.0.1 at 2013-10-06 23:27:07 -0500


Started GET "/assets/jquery.ui.all.css?body=1" for 127.0.0.1 at 2013-10-06 23:27:07 -0500


Started GET "/assets/comfortable_mexican_sofa/lib/bootstrap.css?body=1" for 127.0.0.1 at 2013-10-06 23:27:07 -0500


Started GET "/assets/comfortable_mexican_sofa/lib/codemirror.css?body=1" for 127.0.0.1 at 2013-10-06 23:27:08 -0500


Started GET "/assets/comfortable_mexican_sofa/lib/bootstrap-wysihtml5.css?body=1" for 127.0.0.1 at 2013-10-06 23:27:08 -0500


Started GET "/assets/comfortable_mexican_sofa/lib/bootstrap-datetimepicker.css?body=1" for 127.0.0.1 at 2013-10-06 23:27:08 -0500


Started GET "/assets/comfortable_mexican_sofa/bootstrap_overrides.css?body=1" for 127.0.0.1 at 2013-10-06 23:27:08 -0500


Started GET "/assets/comfortable_mexican_sofa/codemirror_overrides.css?body=1" for 127.0.0.1 at 2013-10-06 23:27:08 -0500


Started GET "/assets/comfortable_mexican_sofa/wysihtml5_overrides.css?body=1" for 127.0.0.1 at 2013-10-06 23:27:08 -0500


Started GET "/assets/comfortable_mexican_sofa/base.css?body=1" for 127.0.0.1 at 2013-10-06 23:27:08 -0500


Started GET "/assets/comfortable_mexican_sofa/application.css?body=1" for 127.0.0.1 at 2013-10-06 23:27:08 -0500


Started GET "/assets/comfortable_mexican_sofa/admin/application.css?body=1" for 127.0.0.1 at 2013-10-06 23:27:08 -0500


Started GET "/assets/jquery.js?body=1" for 127.0.0.1 at 2013-10-06 23:27:08 -0500


Started GET "/assets/jquery_ujs.js?body=1" for 127.0.0.1 at 2013-10-06 23:27:08 -0500


Started GET "/assets/jquery.ui.core.js?body=1" for 127.0.0.1 at 2013-10-06 23:27:08 -0500


Started GET "/assets/jquery.ui.widget.js?body=1" for 127.0.0.1 at 2013-10-06 23:27:08 -0500


Started GET "/assets/jquery.ui.accordion.js?body=1" for 127.0.0.1 at 2013-10-06 23:27:08 -0500


Started GET "/assets/jquery.ui.position.js?body=1" for 127.0.0.1 at 2013-10-06 23:27:08 -0500


Started GET "/assets/jquery.ui.menu.js?body=1" for 127.0.0.1 at 2013-10-06 23:27:08 -0500


Started GET "/assets/jquery.ui.autocomplete.js?body=1" for 127.0.0.1 at 2013-10-06 23:27:08 -0500


Started GET "/assets/jquery.ui.button.js?body=1" for 127.0.0.1 at 2013-10-06 23:27:08 -0500


Started GET "/assets/jquery.ui.datepicker.js?body=1" for 127.0.0.1 at 2013-10-06 23:27:08 -0500


Started GET "/assets/jquery.ui.mouse.js?body=1" for 127.0.0.1 at 2013-10-06 23:27:08 -0500


Started GET "/assets/jquery.ui.draggable.js?body=1" for 127.0.0.1 at 2013-10-06 23:27:08 -0500


Started GET "/assets/jquery.ui.resizable.js?body=1" for 127.0.0.1 at 2013-10-06 23:27:08 -0500


Started GET "/assets/jquery.ui.dialog.js?body=1" for 127.0.0.1 at 2013-10-06 23:27:08 -0500


Started GET "/assets/jquery.ui.droppable.js?body=1" for 127.0.0.1 at 2013-10-06 23:27:08 -0500


Started GET "/assets/jquery.ui.effect.js?body=1" for 127.0.0.1 at 2013-10-06 23:27:08 -0500


Started GET "/assets/jquery.ui.effect-blind.js?body=1" for 127.0.0.1 at 2013-10-06 23:27:08 -0500


Started GET "/assets/jquery.ui.effect-bounce.js?body=1" for 127.0.0.1 at 2013-10-06 23:27:08 -0500


Started GET "/assets/jquery.ui.effect-clip.js?body=1" for 127.0.0.1 at 2013-10-06 23:27:08 -0500


Started GET "/assets/jquery.ui.effect-drop.js?body=1" for 127.0.0.1 at 2013-10-06 23:27:08 -0500


Started GET "/assets/jquery.ui.effect-explode.js?body=1" for 127.0.0.1 at 2013-10-06 23:27:08 -0500


Started GET "/assets/jquery.ui.effect-fade.js?body=1" for 127.0.0.1 at 2013-10-06 23:27:08 -0500


Started GET "/assets/jquery.ui.effect-fold.js?body=1" for 127.0.0.1 at 2013-10-06 23:27:08 -0500


Started GET "/assets/jquery.ui.effect-highlight.js?body=1" for 127.0.0.1 at 2013-10-06 23:27:08 -0500


Started GET "/assets/jquery.ui.effect-pulsate.js?body=1" for 127.0.0.1 at 2013-10-06 23:27:08 -0500


Started GET "/assets/jquery.ui.effect-scale.js?body=1" for 127.0.0.1 at 2013-10-06 23:27:08 -0500


Started GET "/assets/jquery.ui.effect-shake.js?body=1" for 127.0.0.1 at 2013-10-06 23:27:08 -0500


Started GET "/assets/jquery.ui.effect-slide.js?body=1" for 127.0.0.1 at 2013-10-06 23:27:08 -0500


Started GET "/assets/jquery.ui.effect-transfer.js?body=1" for 127.0.0.1 at 2013-10-06 23:27:08 -0500


Started GET "/assets/jquery.ui.progressbar.js?body=1" for 127.0.0.1 at 2013-10-06 23:27:08 -0500


Started GET "/assets/jquery.ui.selectable.js?body=1" for 127.0.0.1 at 2013-10-06 23:27:08 -0500


Started GET "/assets/jquery.ui.slider.js?body=1" for 127.0.0.1 at 2013-10-06 23:27:08 -0500


Started GET "/assets/jquery.ui.sortable.js?body=1" for 127.0.0.1 at 2013-10-06 23:27:08 -0500


Started GET "/assets/jquery.ui.spinner.js?body=1" for 127.0.0.1 at 2013-10-06 23:27:08 -0500


Started GET "/assets/jquery.ui.tabs.js?body=1" for 127.0.0.1 at 2013-10-06 23:27:08 -0500


Started GET "/assets/jquery.ui.tooltip.js?body=1" for 127.0.0.1 at 2013-10-06 23:27:08 -0500


Started GET "/assets/jquery.ui.all.js?body=1" for 127.0.0.1 at 2013-10-06 23:27:08 -0500


Started GET "/assets/comfortable_mexican_sofa/lib/bootstrap.js?body=1" for 127.0.0.1 at 2013-10-06 23:27:08 -0500


Started GET "/assets/comfortable_mexican_sofa/lib/codemirror.js?body=1" for 127.0.0.1 at 2013-10-06 23:27:08 -0500


Started GET "/assets/comfortable_mexican_sofa/lib/wysihtml5.js?body=1" for 127.0.0.1 at 2013-10-06 23:27:08 -0500


Started GET "/assets/comfortable_mexican_sofa/lib/bootstrap-wysihtml5.js?body=1" for 127.0.0.1 at 2013-10-06 23:27:08 -0500


Started GET "/assets/comfortable_mexican_sofa/lib/bootstrap-datetimepicker.js?body=1" for 127.0.0.1 at 2013-10-06 23:27:08 -0500


Started GET "/assets/comfortable_mexican_sofa/application.js?body=1" for 127.0.0.1 at 2013-10-06 23:27:08 -0500


Started GET "/assets/comfortable_mexican_sofa/admin/application.js?body=1" for 127.0.0.1 at 2013-10-06 23:27:08 -0500


Started GET "/assets/comfortable_mexican_sofa/nav_arrow.png" for 127.0.0.1 at 2013-10-06 23:27:09 -0500


Started GET "/" for 127.0.0.1 at 2013-10-06 23:30:46 -0500
Processing by CmsContentController#render_html as HTML
  [1m[35m (0.2ms)[0m  SELECT COUNT(*) FROM "cms_sites"
  [1m[36mCms::Site Load (0.1ms)[0m  [1mSELECT "cms_sites".* FROM "cms_sites" WHERE "cms_sites"."hostname" = 'localhost:3000'[0m
Completed 404 Not Found in 2ms

ActionController::RoutingError (Site Not Found):
  comfortable_mexican_sofa (1.9.3) app/controllers/cms_content_controller.rb:57:in `load_cms_site'
  activesupport (4.0.0) lib/active_support/callbacks.rb:407:in `_run__3188565932228861286__process_action__callbacks'
  activesupport (4.0.0) lib/active_support/callbacks.rb:80:in `run_callbacks'
  actionpack (4.0.0) lib/abstract_controller/callbacks.rb:17:in `process_action'
  actionpack (4.0.0) lib/action_controller/metal/rescue.rb:29:in `process_action'
  actionpack (4.0.0) lib/action_controller/metal/instrumentation.rb:31:in `block in process_action'
  activesupport (4.0.0) lib/active_support/notifications.rb:159:in `block in instrument'
  activesupport (4.0.0) lib/active_support/notifications/instrumenter.rb:20:in `instrument'
  activesupport (4.0.0) lib/active_support/notifications.rb:159:in `instrument'
  actionpack (4.0.0) lib/action_controller/metal/instrumentation.rb:30:in `process_action'
  actionpack (4.0.0) lib/action_controller/metal/params_wrapper.rb:245:in `process_action'
  activerecord (4.0.0) lib/active_record/railties/controller_runtime.rb:18:in `process_action'
  actionpack (4.0.0) lib/abstract_controller/base.rb:136:in `process'
  actionpack (4.0.0) lib/abstract_controller/rendering.rb:44:in `process'
  actionpack (4.0.0) lib/action_controller/metal.rb:195:in `dispatch'
  actionpack (4.0.0) lib/action_controller/metal/rack_delegation.rb:13:in `dispatch'
  actionpack (4.0.0) lib/action_controller/metal.rb:231:in `block in action'
  actionpack (4.0.0) lib/action_dispatch/routing/route_set.rb:80:in `call'
  actionpack (4.0.0) lib/action_dispatch/routing/route_set.rb:80:in `dispatch'
  actionpack (4.0.0) lib/action_dispatch/routing/route_set.rb:48:in `call'
  actionpack (4.0.0) lib/action_dispatch/journey/router.rb:71:in `block in call'
  actionpack (4.0.0) lib/action_dispatch/journey/router.rb:59:in `each'
  actionpack (4.0.0) lib/action_dispatch/journey/router.rb:59:in `call'
  actionpack (4.0.0) lib/action_dispatch/routing/route_set.rb:655:in `call'
  rack (1.5.2) lib/rack/etag.rb:23:in `call'
  rack (1.5.2) lib/rack/conditionalget.rb:25:in `call'
  rack (1.5.2) lib/rack/head.rb:11:in `call'
  actionpack (4.0.0) lib/action_dispatch/middleware/params_parser.rb:27:in `call'
  actionpack (4.0.0) lib/action_dispatch/middleware/flash.rb:241:in `call'
  rack (1.5.2) lib/rack/session/abstract/id.rb:225:in `context'
  rack (1.5.2) lib/rack/session/abstract/id.rb:220:in `call'
  actionpack (4.0.0) lib/action_dispatch/middleware/cookies.rb:486:in `call'
  activerecord (4.0.0) lib/active_record/query_cache.rb:36:in `call'
  activerecord (4.0.0) lib/active_record/connection_adapters/abstract/connection_pool.rb:626:in `call'
  activerecord (4.0.0) lib/active_record/migration.rb:369:in `call'
  actionpack (4.0.0) lib/action_dispatch/middleware/callbacks.rb:29:in `block in call'
  activesupport (4.0.0) lib/active_support/callbacks.rb:373:in `_run__1428005257577979640__call__callbacks'
  activesupport (4.0.0) lib/active_support/callbacks.rb:80:in `run_callbacks'
  actionpack (4.0.0) lib/action_dispatch/middleware/callbacks.rb:27:in `call'
  actionpack (4.0.0) lib/action_dispatch/middleware/reloader.rb:64:in `call'
  actionpack (4.0.0) lib/action_dispatch/middleware/remote_ip.rb:76:in `call'
  actionpack (4.0.0) lib/action_dispatch/middleware/debug_exceptions.rb:17:in `call'
  actionpack (4.0.0) lib/action_dispatch/middleware/show_exceptions.rb:30:in `call'
  railties (4.0.0) lib/rails/rack/logger.rb:38:in `call_app'
  railties (4.0.0) lib/rails/rack/logger.rb:21:in `block in call'
  activesupport (4.0.0) lib/active_support/tagged_logging.rb:67:in `block in tagged'
  activesupport (4.0.0) lib/active_support/tagged_logging.rb:25:in `tagged'
  activesupport (4.0.0) lib/active_support/tagged_logging.rb:67:in `tagged'
  railties (4.0.0) lib/rails/rack/logger.rb:21:in `call'
  actionpack (4.0.0) lib/action_dispatch/middleware/request_id.rb:21:in `call'
  rack (1.5.2) lib/rack/methodoverride.rb:21:in `call'
  rack (1.5.2) lib/rack/runtime.rb:17:in `call'
  activesupport (4.0.0) lib/active_support/cache/strategy/local_cache.rb:83:in `call'
  rack (1.5.2) lib/rack/lock.rb:17:in `call'
  actionpack (4.0.0) lib/action_dispatch/middleware/static.rb:64:in `call'
  railties (4.0.0) lib/rails/engine.rb:511:in `call'
  railties (4.0.0) lib/rails/application.rb:97:in `call'
  rack (1.5.2) lib/rack/lock.rb:17:in `call'
  rack (1.5.2) lib/rack/content_length.rb:14:in `call'
  rack (1.5.2) lib/rack/handler/webrick.rb:60:in `service'
  /Users/dragonqueen2all/.rvm/rubies/ruby-2.0.0-p195/lib/ruby/2.0.0/webrick/httpserver.rb:138:in `service'
  /Users/dragonqueen2all/.rvm/rubies/ruby-2.0.0-p195/lib/ruby/2.0.0/webrick/httpserver.rb:94:in `run'
  /Users/dragonqueen2all/.rvm/rubies/ruby-2.0.0-p195/lib/ruby/2.0.0/webrick/server.rb:295:in `block in start_thread'


  Rendered /Users/dragonqueen2all/.rvm/gems/ruby-2.0.0-p195/gems/actionpack-4.0.0/lib/action_dispatch/middleware/templates/rescues/_trace.erb (0.9ms)
  Rendered /Users/dragonqueen2all/.rvm/gems/ruby-2.0.0-p195/gems/actionpack-4.0.0/lib/action_dispatch/middleware/templates/routes/_route.html.erb (4.3ms)
  Rendered /Users/dragonqueen2all/.rvm/gems/ruby-2.0.0-p195/gems/actionpack-4.0.0/lib/action_dispatch/middleware/templates/routes/_table.html.erb (1.0ms)
  Rendered /Users/dragonqueen2all/.rvm/gems/ruby-2.0.0-p195/gems/actionpack-4.0.0/lib/action_dispatch/middleware/templates/rescues/routing_error.erb within rescues/layout (111.5ms)
